<?xml version="1.0" encoding="UTF-8"?>
<coverage generated="1682284021">
  <project timestamp="1682284021">
    <file name="/home/runner/work/flatpack/flatpack/src/Actions/Delete.php">
      <class name="Flatpack\Actions\Delete" namespace="global">
        <metrics complexity="10" methods="5" coveredmethods="5" conditionals="0" coveredconditionals="0" statements="23" coveredstatements="23" elements="28" coveredelements="28"/>
      </class>
      <line num="15" type="method" name="authorize" visibility="public" complexity="1" crap="1" count="4"/>
      <line num="17" type="stmt" count="4"/>
      <line num="25" type="method" name="getMessage" visibility="public" complexity="2" crap="2" count="2"/>
      <line num="27" type="stmt" count="2"/>
      <line num="28" type="stmt" count="1"/>
      <line num="29" type="stmt" count="1"/>
      <line num="30" type="stmt" count="1"/>
      <line num="31" type="stmt" count="1"/>
      <line num="32" type="stmt" count="2"/>
      <line num="33" type="stmt" count="2"/>
      <line num="34" type="stmt" count="2"/>
      <line num="42" type="method" name="getConfirmationMessage" visibility="public" complexity="2" crap="2" count="7"/>
      <line num="44" type="stmt" count="7"/>
      <line num="45" type="stmt" count="3"/>
      <line num="46" type="stmt" count="3"/>
      <line num="47" type="stmt" count="3"/>
      <line num="48" type="stmt" count="7"/>
      <line num="49" type="stmt" count="7"/>
      <line num="50" type="stmt" count="7"/>
      <line num="58" type="method" name="handle" visibility="public" complexity="3" crap="3" count="4"/>
      <line num="60" type="stmt" count="4"/>
      <line num="61" type="stmt" count="3"/>
      <line num="63" type="stmt" count="1"/>
      <line num="64" type="stmt" count="1"/>
      <line num="73" type="method" name="query" visibility="private" complexity="2" crap="2" count="3"/>
      <line num="75" type="stmt" count="3"/>
      <line num="76" type="stmt" count="2"/>
      <line num="79" type="stmt" count="1"/>
      <metrics loc="82" ncloc="57" classes="1" methods="5" coveredmethods="5" conditionals="0" coveredconditionals="0" statements="23" coveredstatements="23" elements="28" coveredelements="28"/>
    </file>
    <file name="/home/runner/work/flatpack/flatpack/src/Actions/EmptyTrash.php">
      <class name="Flatpack\Actions\EmptyTrash" namespace="global">
        <metrics complexity="5" methods="4" coveredmethods="4" conditionals="0" coveredconditionals="0" statements="13" coveredstatements="13" elements="17" coveredelements="17"/>
      </class>
      <line num="15" type="method" name="authorize" visibility="public" complexity="1" crap="1" count="2"/>
      <line num="17" type="stmt" count="2"/>
      <line num="25" type="method" name="getMessage" visibility="public" complexity="1" crap="1" count="1"/>
      <line num="27" type="stmt" count="1"/>
      <line num="28" type="stmt" count="1"/>
      <line num="29" type="stmt" count="1"/>
      <line num="37" type="method" name="getConfirmationMessage" visibility="public" complexity="1" crap="1" count="1"/>
      <line num="39" type="stmt" count="1"/>
      <line num="40" type="stmt" count="1"/>
      <line num="41" type="stmt" count="1"/>
      <line num="49" type="method" name="handle" visibility="public" complexity="2" crap="2" count="2"/>
      <line num="51" type="stmt" count="2"/>
      <line num="52" type="stmt" count="1"/>
      <line num="53" type="stmt" count="1"/>
      <line num="54" type="stmt" count="1"/>
      <line num="57" type="stmt" count="1"/>
      <line num="58" type="stmt" count="1"/>
      <metrics loc="61" ncloc="41" classes="1" methods="4" coveredmethods="4" conditionals="0" coveredconditionals="0" statements="13" coveredstatements="13" elements="17" coveredelements="17"/>
    </file>
    <file name="/home/runner/work/flatpack/flatpack/src/Actions/FlatpackAction.php">
      <class name="Flatpack\Actions\FlatpackAction" namespace="global">
        <metrics complexity="21" methods="18" coveredmethods="18" conditionals="0" coveredconditionals="0" statements="34" coveredstatements="34" elements="52" coveredelements="52"/>
      </class>
      <line num="88" type="method" name="__construct" visibility="public" complexity="1" crap="1" count="41"/>
      <line num="90" type="stmt" count="41"/>
      <line num="91" type="stmt" count="41"/>
      <line num="92" type="stmt" count="41"/>
      <line num="101" type="method" name="addFile" visibility="public" complexity="1" crap="1" count="2"/>
      <line num="103" type="stmt" count="2"/>
      <line num="105" type="stmt" count="2"/>
      <line num="114" type="method" name="addFiles" visibility="public" complexity="1" crap="1" count="4"/>
      <line num="116" type="stmt" count="4"/>
      <line num="118" type="stmt" count="4"/>
      <line num="126" type="method" name="isSuccess" visibility="public" complexity="1" crap="1" count="5"/>
      <line num="128" type="stmt" count="5"/>
      <line num="136" type="method" name="success" visibility="protected" complexity="1" crap="1" count="17"/>
      <line num="138" type="stmt" count="17"/>
      <line num="140" type="stmt" count="17"/>
      <line num="149" type="method" name="setEntry" visibility="public" complexity="1" crap="1" count="9"/>
      <line num="151" type="stmt" count="9"/>
      <line num="152" type="stmt" count="9"/>
      <line num="154" type="stmt" count="9"/>
      <line num="162" type="method" name="getEntry" visibility="public" complexity="1" crap="1" count="2"/>
      <line num="164" type="stmt" count="2"/>
      <line num="173" type="method" name="setFields" visibility="public" complexity="1" crap="1" count="4"/>
      <line num="175" type="stmt" count="4"/>
      <line num="177" type="stmt" count="4"/>
      <line num="185" type="method" name="getFields" visibility="public" complexity="1" crap="1" count="1"/>
      <line num="187" type="stmt" count="1"/>
      <line num="196" type="method" name="setSelectedKeys" visibility="public" complexity="1" crap="1" count="8"/>
      <line num="198" type="stmt" count="8"/>
      <line num="199" type="stmt" count="8"/>
      <line num="201" type="stmt" count="8"/>
      <line num="210" type="method" name="setIsMultiple" visibility="public" complexity="1" crap="1" count="18"/>
      <line num="212" type="stmt" count="18"/>
      <line num="214" type="stmt" count="18"/>
      <line num="222" type="method" name="isBulk" visibility="public" complexity="1" crap="1" count="15"/>
      <line num="224" type="stmt" count="15"/>
      <line num="233" type="method" name="setRedirect" visibility="public" complexity="1" crap="1" count="5"/>
      <line num="235" type="stmt" count="5"/>
      <line num="237" type="stmt" count="5"/>
      <line num="245" type="method" name="shouldRedirect" visibility="public" complexity="2" crap="2" count="4"/>
      <line num="247" type="stmt" count="4"/>
      <line num="256" type="method" name="run" visibility="public" complexity="2" crap="2" count="20"/>
      <line num="258" type="stmt" count="20"/>
      <line num="259" type="stmt" count="1"/>
      <line num="262" type="stmt" count="19"/>
      <line num="264" type="stmt" count="17"/>
      <line num="266" type="stmt" count="17"/>
      <line num="275" type="method" name="entityName" visibility="protected" complexity="2" crap="2" count="18"/>
      <line num="277" type="stmt" count="18"/>
      <line num="289" type="method" name="handle" visibility="public" complexity="1" crap="1" count="1"/>
      <line num="291" type="stmt" count="1"/>
      <line num="303" type="method" name="authorize" visibility="public" complexity="1" crap="1" count="1"/>
      <line num="305" type="stmt" count="1"/>
      <metrics loc="310" ncloc="152" classes="1" methods="18" coveredmethods="18" conditionals="0" coveredconditionals="0" statements="34" coveredstatements="34" elements="52" coveredelements="52"/>
    </file>
    <file name="/home/runner/work/flatpack/flatpack/src/Actions/Restore.php">
      <class name="Flatpack\Actions\Restore" namespace="global">
        <metrics complexity="8" methods="4" coveredmethods="4" conditionals="0" coveredconditionals="0" statements="20" coveredstatements="20" elements="24" coveredelements="24"/>
      </class>
      <line num="15" type="method" name="authorize" visibility="public" complexity="1" crap="1" count="2"/>
      <line num="17" type="stmt" count="2"/>
      <line num="25" type="method" name="getMessage" visibility="public" complexity="2" crap="2" count="2"/>
      <line num="27" type="stmt" count="2"/>
      <line num="28" type="stmt" count="1"/>
      <line num="29" type="stmt" count="1"/>
      <line num="30" type="stmt" count="1"/>
      <line num="31" type="stmt" count="1"/>
      <line num="32" type="stmt" count="2"/>
      <line num="33" type="stmt" count="2"/>
      <line num="34" type="stmt" count="2"/>
      <line num="42" type="method" name="getConfirmationMessage" visibility="public" complexity="1" crap="1" count="1"/>
      <line num="44" type="stmt" count="1"/>
      <line num="45" type="stmt" count="1"/>
      <line num="46" type="stmt" count="1"/>
      <line num="54" type="method" name="handle" visibility="public" complexity="4" crap="4" count="2"/>
      <line num="56" type="stmt" count="2"/>
      <line num="57" type="stmt" count="1"/>
      <line num="58" type="stmt" count="1"/>
      <line num="59" type="stmt" count="1"/>
      <line num="62" type="stmt" count="1"/>
      <line num="63" type="stmt" count="1"/>
      <line num="64" type="stmt" count="1"/>
      <line num="65" type="stmt" count="1"/>
      <metrics loc="69" ncloc="49" classes="1" methods="4" coveredmethods="4" conditionals="0" coveredconditionals="0" statements="20" coveredstatements="20" elements="24" coveredelements="24"/>
    </file>
    <file name="/home/runner/work/flatpack/flatpack/src/Actions/Save.php">
      <class name="Flatpack\Actions\Save" namespace="global">
        <metrics complexity="5" methods="4" coveredmethods="4" conditionals="0" coveredconditionals="0" statements="11" coveredstatements="11" elements="15" coveredelements="15"/>
      </class>
      <line num="17" type="method" name="authorize" visibility="public" complexity="1" crap="1" count="4"/>
      <line num="19" type="stmt" count="4"/>
      <line num="27" type="method" name="getMessage" visibility="public" complexity="1" crap="1" count="4"/>
      <line num="29" type="stmt" count="4"/>
      <line num="30" type="stmt" count="4"/>
      <line num="31" type="stmt" count="4"/>
      <line num="39" type="method" name="handle" visibility="public" complexity="1" crap="1" count="4"/>
      <line num="41" type="stmt" count="4"/>
      <line num="43" type="stmt" count="4"/>
      <line num="45" type="stmt" count="4"/>
      <line num="53" type="method" name="syncFieldsToRelations" visibility="protected" complexity="2" crap="2" count="4"/>
      <line num="55" type="stmt" count="4"/>
      <line num="56" type="stmt" count="4"/>
      <line num="59" type="stmt" count="4"/>
      <line num="61" type="stmt" count="4"/>
      <metrics loc="64" ncloc="44" classes="1" methods="4" coveredmethods="4" conditionals="0" coveredconditionals="0" statements="11" coveredstatements="11" elements="15" coveredelements="15"/>
    </file>
    <file name="/home/runner/work/flatpack/flatpack/src/Actions/Upload.php">
      <class name="Flatpack\Actions\Upload" namespace="global">
        <metrics complexity="3" methods="2" coveredmethods="2" conditionals="0" coveredconditionals="0" statements="4" coveredstatements="4" elements="6" coveredelements="6"/>
      </class>
      <line num="17" type="method" name="authorize" visibility="public" complexity="1" crap="1" count="7"/>
      <line num="19" type="stmt" count="7"/>
      <line num="27" type="method" name="handle" visibility="public" complexity="2" crap="2" count="7"/>
      <line num="29" type="stmt" count="7"/>
      <line num="30" type="stmt" count="6"/>
      <line num="33" type="stmt" count="1"/>
      <metrics loc="36" ncloc="26" classes="1" methods="2" coveredmethods="2" conditionals="0" coveredconditionals="0" statements="4" coveredstatements="4" elements="6" coveredelements="6"/>
    </file>
    <file name="/home/runner/work/flatpack/flatpack/src/Commands/ActionCommand.php">
      <class name="Flatpack\Commands\ActionCommand" namespace="global">
        <metrics complexity="8" methods="7" coveredmethods="7" conditionals="0" coveredconditionals="0" statements="26" coveredstatements="26" elements="33" coveredelements="33"/>
      </class>
      <line num="37" type="method" name="getStub" visibility="protected" complexity="1" crap="1" count="1"/>
      <line num="39" type="stmt" count="1"/>
      <line num="48" type="method" name="resolveStubPath" visibility="protected" complexity="1" crap="1" count="1"/>
      <line num="50" type="stmt" count="1"/>
      <line num="59" type="method" name="buildClass" visibility="protected" complexity="1" crap="1" count="1"/>
      <line num="61" type="stmt" count="1"/>
      <line num="63" type="stmt" count="1"/>
      <line num="64" type="stmt" count="1"/>
      <line num="65" type="stmt" count="1"/>
      <line num="66" type="stmt" count="1"/>
      <line num="68" type="stmt" count="1"/>
      <line num="69" type="stmt" count="1"/>
      <line num="70" type="stmt" count="1"/>
      <line num="71" type="stmt" count="1"/>
      <line num="72" type="stmt" count="1"/>
      <line num="80" type="method" name="getNameInput" visibility="protected" complexity="1" crap="1" count="1"/>
      <line num="82" type="stmt" count="1"/>
      <line num="91" type="method" name="qualifyClass" visibility="protected" complexity="2" crap="2" count="1"/>
      <line num="93" type="stmt" count="1"/>
      <line num="95" type="stmt" count="1"/>
      <line num="97" type="stmt" count="1"/>
      <line num="99" type="stmt" count="1"/>
      <line num="100" type="stmt" count="1"/>
      <line num="103" type="stmt" count="1"/>
      <line num="104" type="stmt" count="1"/>
      <line num="105" type="stmt" count="1"/>
      <line num="111" type="method" name="getOptions" visibility="protected" complexity="1" crap="1" count="2"/>
      <line num="113" type="stmt" count="2"/>
      <line num="114" type="stmt" count="2"/>
      <line num="115" type="stmt" count="2"/>
      <line num="125" type="method" name="handle" visibility="public" complexity="1" crap="1" count="1"/>
      <line num="127" type="stmt" count="1"/>
      <line num="129" type="stmt" count="1"/>
      <metrics loc="132" ncloc="79" classes="1" methods="7" coveredmethods="7" conditionals="0" coveredconditionals="0" statements="26" coveredstatements="26" elements="33" coveredelements="33"/>
    </file>
    <file name="/home/runner/work/flatpack/flatpack/src/Commands/BaseCommand.php">
      <class name="Flatpack\Commands\BaseCommand" namespace="global">
        <metrics complexity="19" methods="12" coveredmethods="6" conditionals="0" coveredconditionals="0" statements="48" coveredstatements="41" elements="60" coveredelements="47"/>
      </class>
      <line num="18" type="method" name="getStub" visibility="protected" complexity="1" crap="2" count="0"/>
      <line num="20" type="stmt" count="0"/>
      <line num="29" type="method" name="resolveStubPath" visibility="protected" complexity="2" crap="2.15" count="1"/>
      <line num="31" type="stmt" count="1"/>
      <line num="32" type="stmt" count="0"/>
      <line num="33" type="stmt" count="1"/>
      <line num="42" type="method" name="buildClass" visibility="protected" complexity="1" crap="1" count="1"/>
      <line num="44" type="stmt" count="1"/>
      <line num="45" type="stmt" count="1"/>
      <line num="46" type="stmt" count="1"/>
      <line num="48" type="stmt" count="1"/>
      <line num="49" type="stmt" count="1"/>
      <line num="50" type="stmt" count="1"/>
      <line num="51" type="stmt" count="1"/>
      <line num="52" type="stmt" count="1"/>
      <line num="53" type="stmt" count="1"/>
      <line num="54" type="stmt" count="1"/>
      <line num="55" type="stmt" count="1"/>
      <line num="57" type="stmt" count="1"/>
      <line num="58" type="stmt" count="1"/>
      <line num="59" type="stmt" count="1"/>
      <line num="60" type="stmt" count="1"/>
      <line num="61" type="stmt" count="1"/>
      <line num="70" type="method" name="qualifyClass" visibility="protected" complexity="1" crap="1" count="1"/>
      <line num="72" type="stmt" count="1"/>
      <line num="80" type="method" name="flatpackDir" visibility="protected" complexity="1" crap="1" count="1"/>
      <line num="82" type="stmt" count="1"/>
      <line num="83" type="stmt" count="1"/>
      <line num="84" type="stmt" count="1"/>
      <line num="93" type="method" name="makeDirectory" visibility="protected" complexity="4" crap="4.13" count="1"/>
      <line num="95" type="stmt" count="1"/>
      <line num="96" type="stmt" count="0"/>
      <line num="99" type="stmt" count="1"/>
      <line num="100" type="stmt" count="1"/>
      <line num="103" type="stmt" count="1"/>
      <line num="111" type="method" name="getNameInput" visibility="protected" complexity="1" crap="1" count="1"/>
      <line num="113" type="stmt" count="1"/>
      <line num="122" type="method" name="getPath" visibility="protected" complexity="1" crap="2" count="0"/>
      <line num="124" type="stmt" count="0"/>
      <line num="132" type="method" name="guessModelName" visibility="protected" complexity="4" crap="4.13" count="1"/>
      <line num="134" type="stmt" count="1"/>
      <line num="136" type="stmt" count="1"/>
      <line num="138" type="stmt" count="1"/>
      <line num="139" type="stmt" count="0"/>
      <line num="142" type="stmt" count="1"/>
      <line num="143" type="stmt" count="1"/>
      <line num="144" type="stmt" count="1"/>
      <line num="146" type="stmt" count="1"/>
      <line num="147" type="stmt" count="0"/>
      <line num="152" type="stmt" count="1"/>
      <line num="158" type="method" name="deleteFile" visibility="protected" complexity="1" crap="2" count="0"/>
      <line num="160" type="stmt" count="0"/>
      <line num="168" type="method" name="getArguments" visibility="protected" complexity="1" crap="1" count="2"/>
      <line num="170" type="stmt" count="2"/>
      <line num="171" type="stmt" count="2"/>
      <line num="172" type="stmt" count="2"/>
      <line num="178" type="method" name="getOptions" visibility="protected" complexity="1" crap="1" count="2"/>
      <line num="180" type="stmt" count="2"/>
      <line num="181" type="stmt" count="2"/>
      <line num="182" type="stmt" count="2"/>
      <metrics loc="185" ncloc="124" classes="1" methods="12" coveredmethods="6" conditionals="0" coveredconditionals="0" statements="48" coveredstatements="41" elements="60" coveredelements="47"/>
    </file>
    <file name="/home/runner/work/flatpack/flatpack/src/Commands/MakeCommand.php">
      <class name="Flatpack\Commands\MakeCommand" namespace="global">
        <metrics complexity="3" methods="2" coveredmethods="1" conditionals="0" coveredconditionals="0" statements="13" coveredstatements="12" elements="15" coveredelements="13"/>
      </class>
      <line num="28" type="method" name="getNameInput" visibility="protected" complexity="1" crap="1" count="1"/>
      <line num="30" type="stmt" count="1"/>
      <line num="36" type="method" name="handle" visibility="public" complexity="2" crap="2.00" count="1"/>
      <line num="38" type="stmt" count="1"/>
      <line num="40" type="stmt" count="1"/>
      <line num="41" type="stmt" count="0"/>
      <line num="44" type="stmt" count="1"/>
      <line num="45" type="stmt" count="1"/>
      <line num="46" type="stmt" count="1"/>
      <line num="47" type="stmt" count="1"/>
      <line num="49" type="stmt" count="1"/>
      <line num="50" type="stmt" count="1"/>
      <line num="51" type="stmt" count="1"/>
      <line num="52" type="stmt" count="1"/>
      <line num="54" type="stmt" count="1"/>
      <metrics loc="57" ncloc="39" classes="1" methods="2" coveredmethods="1" conditionals="0" coveredconditionals="0" statements="13" coveredstatements="12" elements="15" coveredelements="13"/>
    </file>
    <file name="/home/runner/work/flatpack/flatpack/src/Commands/MakeFormCommand.php">
      <class name="Flatpack\Commands\MakeFormCommand" namespace="global">
        <metrics complexity="2" methods="2" coveredmethods="2" conditionals="0" coveredconditionals="0" statements="2" coveredstatements="2" elements="4" coveredelements="4"/>
      </class>
      <line num="33" type="method" name="getStub" visibility="protected" complexity="1" crap="1" count="1"/>
      <line num="35" type="stmt" count="1"/>
      <line num="44" type="method" name="getPath" visibility="protected" complexity="1" crap="1" count="1"/>
      <line num="46" type="stmt" count="1"/>
      <metrics loc="49" ncloc="23" classes="1" methods="2" coveredmethods="2" conditionals="0" coveredconditionals="0" statements="2" coveredstatements="2" elements="4" coveredelements="4"/>
    </file>
    <file name="/home/runner/work/flatpack/flatpack/src/Commands/MakeListCommand.php">
      <class name="Flatpack\Commands\MakeListCommand" namespace="global">
        <metrics complexity="2" methods="2" coveredmethods="2" conditionals="0" coveredconditionals="0" statements="2" coveredstatements="2" elements="4" coveredelements="4"/>
      </class>
      <line num="33" type="method" name="getStub" visibility="protected" complexity="1" crap="1" count="1"/>
      <line num="35" type="stmt" count="1"/>
      <line num="44" type="method" name="getPath" visibility="protected" complexity="1" crap="1" count="1"/>
      <line num="46" type="stmt" count="1"/>
      <metrics loc="49" ncloc="23" classes="1" methods="2" coveredmethods="2" conditionals="0" coveredconditionals="0" statements="2" coveredstatements="2" elements="4" coveredelements="4"/>
    </file>
    <file name="/home/runner/work/flatpack/flatpack/src/Contracts/FlatpackAction.php">
      <metrics loc="11" ncloc="11" classes="0" methods="0" coveredmethods="0" conditionals="0" coveredconditionals="0" statements="0" coveredstatements="0" elements="0" coveredelements="0"/>
    </file>
    <file name="/home/runner/work/flatpack/flatpack/src/Contracts/FlatpackUser.php">
      <metrics loc="9" ncloc="9" classes="0" methods="0" coveredmethods="0" conditionals="0" coveredconditionals="0" statements="0" coveredstatements="0" elements="0" coveredelements="0"/>
    </file>
    <file name="/home/runner/work/flatpack/flatpack/src/Exceptions/ActionNotFoundException.php">
      <class name="Flatpack\Exceptions\ActionNotFoundException" namespace="global">
        <metrics complexity="0" methods="0" coveredmethods="0" conditionals="0" coveredconditionals="0" statements="0" coveredstatements="0" elements="0" coveredelements="0"/>
      </class>
      <metrics loc="11" ncloc="10" classes="0" methods="0" coveredmethods="0" conditionals="0" coveredconditionals="0" statements="0" coveredstatements="0" elements="0" coveredelements="0"/>
    </file>
    <file name="/home/runner/work/flatpack/flatpack/src/Exceptions/ConfigurationException.php">
      <class name="Flatpack\Exceptions\ConfigurationException" namespace="global">
        <metrics complexity="0" methods="0" coveredmethods="0" conditionals="0" coveredconditionals="0" statements="0" coveredstatements="0" elements="0" coveredelements="0"/>
      </class>
      <metrics loc="11" ncloc="10" classes="0" methods="0" coveredmethods="0" conditionals="0" coveredconditionals="0" statements="0" coveredstatements="0" elements="0" coveredelements="0"/>
    </file>
    <file name="/home/runner/work/flatpack/flatpack/src/Exceptions/EntityNotFoundException.php">
      <class name="Flatpack\Exceptions\EntityNotFoundException" namespace="global">
        <metrics complexity="1" methods="1" coveredmethods="1" conditionals="0" coveredconditionals="0" statements="3" coveredstatements="3" elements="4" coveredelements="4"/>
      </class>
      <line num="12" type="method" name="__construct" visibility="public" complexity="1" crap="1" count="7"/>
      <line num="14" type="stmt" count="7"/>
      <line num="16" type="stmt" count="7"/>
      <line num="17" type="stmt" count="7"/>
      <metrics loc="20" ncloc="20" classes="1" methods="1" coveredmethods="1" conditionals="0" coveredconditionals="0" statements="3" coveredstatements="3" elements="4" coveredelements="4"/>
    </file>
    <file name="/home/runner/work/flatpack/flatpack/src/Exceptions/ModelNotFoundException.php">
      <class name="Flatpack\Exceptions\ModelNotFoundException" namespace="global">
        <metrics complexity="1" methods="1" coveredmethods="1" conditionals="0" coveredconditionals="0" statements="3" coveredstatements="3" elements="4" coveredelements="4"/>
      </class>
      <line num="12" type="method" name="__construct" visibility="public" complexity="1" crap="1" count="1"/>
      <line num="14" type="stmt" count="1"/>
      <line num="16" type="stmt" count="1"/>
      <line num="17" type="stmt" count="1"/>
      <metrics loc="20" ncloc="20" classes="1" methods="1" coveredmethods="1" conditionals="0" coveredconditionals="0" statements="3" coveredstatements="3" elements="4" coveredelements="4"/>
    </file>
    <file name="/home/runner/work/flatpack/flatpack/src/Exceptions/TemplateNotFoundException.php">
      <class name="Flatpack\Exceptions\TemplateNotFoundException" namespace="global">
        <metrics complexity="1" methods="1" coveredmethods="1" conditionals="0" coveredconditionals="0" statements="3" coveredstatements="3" elements="4" coveredelements="4"/>
      </class>
      <line num="12" type="method" name="__construct" visibility="public" complexity="1" crap="1" count="1"/>
      <line num="14" type="stmt" count="1"/>
      <line num="16" type="stmt" count="1"/>
      <line num="17" type="stmt" count="1"/>
      <metrics loc="20" ncloc="20" classes="1" methods="1" coveredmethods="1" conditionals="0" coveredconditionals="0" statements="3" coveredstatements="3" elements="4" coveredelements="4"/>
    </file>
    <file name="/home/runner/work/flatpack/flatpack/src/Facades/Flatpack.php">
      <class name="Flatpack\Facades\Flatpack" namespace="global">
        <metrics complexity="1" methods="1" coveredmethods="1" conditionals="0" coveredconditionals="0" statements="1" coveredstatements="1" elements="2" coveredelements="2"/>
      </class>
      <line num="9" type="method" name="getFacadeAccessor" visibility="protected" complexity="1" crap="1" count="18"/>
      <line num="11" type="stmt" count="18"/>
      <metrics loc="14" ncloc="14" classes="1" methods="1" coveredmethods="1" conditionals="0" coveredconditionals="0" statements="1" coveredstatements="1" elements="2" coveredelements="2"/>
    </file>
    <file name="/home/runner/work/flatpack/flatpack/src/Flatpack.php">
      <class name="Flatpack\Flatpack" namespace="global">
        <metrics complexity="22" methods="13" coveredmethods="12" conditionals="0" coveredconditionals="0" statements="46" coveredstatements="45" elements="59" coveredelements="57"/>
      </class>
      <line num="42" type="method" name="__construct" visibility="public" complexity="1" crap="1" count="18"/>
      <line num="44" type="stmt" count="18"/>
      <line num="45" type="stmt" count="18"/>
      <line num="53" type="method" name="loadComposition" visibility="public" complexity="1" crap="1" count="13"/>
      <line num="57" type="stmt" count="13"/>
      <line num="59" type="stmt" count="13"/>
      <line num="61" type="stmt" count="13"/>
      <line num="63" type="stmt" count="13"/>
      <line num="71" type="method" name="setComposition" visibility="private" complexity="1" crap="1" count="13"/>
      <line num="73" type="stmt" count="13"/>
      <line num="74" type="stmt" count="13"/>
      <line num="82" type="method" name="getComposition" visibility="public" complexity="1" crap="1" count="10"/>
      <line num="84" type="stmt" count="10"/>
      <line num="92" type="method" name="loadCompositionFiles" visibility="protected" complexity="1" crap="1" count="13"/>
      <line num="94" type="stmt" count="13"/>
      <line num="96" type="stmt" count="13"/>
      <line num="97" type="stmt" count="13"/>
      <line num="98" type="stmt" count="13"/>
      <line num="100" type="stmt" count="13"/>
      <line num="108" type="method" name="parseCompositionFiles" visibility="protected" complexity="3" crap="3" count="13"/>
      <line num="110" type="stmt" count="13"/>
      <line num="112" type="stmt" count="13"/>
      <line num="113" type="stmt" count="13"/>
      <line num="115" type="stmt" count="13"/>
      <line num="117" type="stmt" count="13"/>
      <line num="120" type="stmt" count="13"/>
      <line num="129" type="method" name="entityName" visibility="public" complexity="1" crap="1" count="2"/>
      <line num="131" type="stmt" count="2"/>
      <line num="140" type="method" name="modelName" visibility="public" complexity="1" crap="1" count="14"/>
      <line num="142" type="stmt" count="14"/>
      <line num="145" type="method" name="getModelsDirectory" visibility="private" complexity="2" crap="2" count="8"/>
      <line num="147" type="stmt" count="8"/>
      <line num="156" type="method" name="guessModelClass" visibility="public" complexity="4" crap="4.02" count="8"/>
      <line num="158" type="stmt" count="8"/>
      <line num="160" type="stmt" count="8"/>
      <line num="162" type="stmt" count="8"/>
      <line num="163" type="stmt" count="8"/>
      <line num="166" type="stmt" count="1"/>
      <line num="167" type="stmt" count="1"/>
      <line num="169" type="stmt" count="1"/>
      <line num="170" type="stmt" count="0"/>
      <line num="174" type="stmt" count="1"/>
      <line num="183" type="method" name="getDirectory" visibility="public" complexity="2" crap="2" count="18"/>
      <line num="185" type="stmt" count="18"/>
      <line num="186" type="stmt" count="18"/>
      <line num="187" type="stmt" count="18"/>
      <line num="196" type="method" name="getTemplates" visibility="private" complexity="2" crap="2" count="10"/>
      <line num="198" type="stmt" count="10"/>
      <line num="199" type="stmt" count="6"/>
      <line num="202" type="stmt" count="7"/>
      <line num="212" type="method" name="getTemplateComposition" visibility="public" complexity="2" crap="2" count="10"/>
      <line num="214" type="stmt" count="10"/>
      <line num="216" type="stmt" count="7"/>
      <line num="217" type="stmt" count="1"/>
      <line num="218" type="stmt" count="1"/>
      <line num="219" type="stmt" count="1"/>
      <line num="220" type="stmt" count="1"/>
      <line num="221" type="stmt" count="1"/>
      <line num="224" type="stmt" count="6"/>
      <metrics loc="227" ncloc="144" classes="1" methods="13" coveredmethods="12" conditionals="0" coveredconditionals="0" statements="46" coveredstatements="45" elements="59" coveredelements="57"/>
    </file>
    <file name="/home/runner/work/flatpack/flatpack/src/FlatpackServiceProvider.php">
      <class name="Flatpack\FlatpackServiceProvider" namespace="global">
        <metrics complexity="10" methods="10" coveredmethods="10" conditionals="0" coveredconditionals="0" statements="50" coveredstatements="50" elements="60" coveredelements="60"/>
      </class>
      <line num="30" type="method" name="boot" visibility="public" complexity="1" crap="1" count="110"/>
      <line num="32" type="stmt" count="110"/>
      <line num="33" type="stmt" count="110"/>
      <line num="34" type="stmt" count="110"/>
      <line num="35" type="stmt" count="110"/>
      <line num="37" type="stmt" count="110"/>
      <line num="38" type="stmt" count="110"/>
      <line num="39" type="stmt" count="110"/>
      <line num="40" type="stmt" count="110"/>
      <line num="41" type="stmt" count="110"/>
      <line num="42" type="stmt" count="110"/>
      <line num="48" type="method" name="register" visibility="public" complexity="1" crap="1" count="110"/>
      <line num="50" type="stmt" count="110"/>
      <line num="52" type="stmt" count="110"/>
      <line num="53" type="stmt" count="18"/>
      <line num="54" type="stmt" count="110"/>
      <line num="60" type="method" name="registerCommands" visibility="protected" complexity="1" crap="1" count="110"/>
      <line num="62" type="stmt" count="110"/>
      <line num="63" type="stmt" count="110"/>
      <line num="64" type="stmt" count="110"/>
      <line num="65" type="stmt" count="110"/>
      <line num="66" type="stmt" count="110"/>
      <line num="67" type="stmt" count="110"/>
      <line num="73" type="method" name="registerRoutes" visibility="protected" complexity="1" crap="1" count="110"/>
      <line num="75" type="stmt" count="110"/>
      <line num="76" type="stmt" count="110"/>
      <line num="77" type="stmt" count="110"/>
      <line num="83" type="method" name="registerLivewireComponents" visibility="protected" complexity="1" crap="1" count="110"/>
      <line num="85" type="stmt" count="110"/>
      <line num="86" type="stmt" count="110"/>
      <line num="87" type="stmt" count="110"/>
      <line num="88" type="stmt" count="110"/>
      <line num="89" type="stmt" count="110"/>
      <line num="95" type="method" name="registerViewComponents" visibility="protected" complexity="1" crap="1" count="110"/>
      <line num="97" type="stmt" count="110"/>
      <line num="98" type="stmt" count="110"/>
      <line num="99" type="stmt" count="110"/>
      <line num="100" type="stmt" count="110"/>
      <line num="101" type="stmt" count="110"/>
      <line num="102" type="stmt" count="110"/>
      <line num="103" type="stmt" count="110"/>
      <line num="104" type="stmt" count="110"/>
      <line num="105" type="stmt" count="110"/>
      <line num="111" type="method" name="registerViews" visibility="protected" complexity="1" crap="1" count="110"/>
      <line num="113" type="stmt" count="110"/>
      <line num="119" type="method" name="registerMiddleware" visibility="protected" complexity="1" crap="1" count="110"/>
      <line num="121" type="stmt" count="110"/>
      <line num="122" type="stmt" count="110"/>
      <line num="123" type="stmt" count="110"/>
      <line num="129" type="method" name="routeConfiguration" visibility="protected" complexity="1" crap="1" count="110"/>
      <line num="131" type="stmt" count="110"/>
      <line num="132" type="stmt" count="110"/>
      <line num="133" type="stmt" count="110"/>
      <line num="134" type="stmt" count="110"/>
      <line num="140" type="method" name="getRouteMiddleware" visibility="private" complexity="1" crap="1" count="110"/>
      <line num="142" type="stmt" count="110"/>
      <line num="143" type="stmt" count="110"/>
      <line num="144" type="stmt" count="110"/>
      <line num="145" type="stmt" count="110"/>
      <line num="146" type="stmt" count="110"/>
      <metrics loc="149" ncloc="122" classes="1" methods="10" coveredmethods="10" conditionals="0" coveredconditionals="0" statements="50" coveredstatements="50" elements="60" coveredelements="60"/>
    </file>
    <file name="/home/runner/work/flatpack/flatpack/src/Http/Controllers/Auth/AuthenticatedSessionController.php">
      <class name="Flatpack\Http\Controllers\Auth\AuthenticatedSessionController" namespace="global">
        <metrics complexity="3" methods="3" coveredmethods="3" conditionals="0" coveredconditionals="0" statements="8" coveredstatements="8" elements="11" coveredelements="11"/>
      </class>
      <line num="17" type="method" name="create" visibility="public" complexity="1" crap="1" count="1"/>
      <line num="19" type="stmt" count="1"/>
      <line num="28" type="method" name="store" visibility="public" complexity="1" crap="1" count="3"/>
      <line num="30" type="stmt" count="3"/>
      <line num="32" type="stmt" count="1"/>
      <line num="34" type="stmt" count="1"/>
      <line num="43" type="method" name="destroy" visibility="public" complexity="1" crap="1" count="1"/>
      <line num="45" type="stmt" count="1"/>
      <line num="47" type="stmt" count="1"/>
      <line num="49" type="stmt" count="1"/>
      <line num="51" type="stmt" count="1"/>
      <metrics loc="54" ncloc="37" classes="1" methods="3" coveredmethods="3" conditionals="0" coveredconditionals="0" statements="8" coveredstatements="8" elements="11" coveredelements="11"/>
    </file>
    <file name="/home/runner/work/flatpack/flatpack/src/Http/Controllers/Controller.php">
      <class name="Flatpack\Http\Controllers\Controller" namespace="global">
        <metrics complexity="0" methods="0" coveredmethods="0" conditionals="0" coveredconditionals="0" statements="0" coveredstatements="0" elements="0" coveredelements="0"/>
      </class>
      <metrics loc="11" ncloc="10" classes="0" methods="0" coveredmethods="0" conditionals="0" coveredconditionals="0" statements="0" coveredstatements="0" elements="0" coveredelements="0"/>
    </file>
    <file name="/home/runner/work/flatpack/flatpack/src/Http/Controllers/FormController.php">
      <class name="Flatpack\Http\Controllers\FormController" namespace="global">
        <metrics complexity="2" methods="1" coveredmethods="1" conditionals="0" coveredconditionals="0" statements="14" coveredstatements="14" elements="15" coveredelements="15"/>
      </class>
      <line num="10" type="method" name="index" visibility="public" complexity="2" crap="2" count="3"/>
      <line num="12" type="stmt" count="3"/>
      <line num="14" type="stmt" count="3"/>
      <line num="16" type="stmt" count="3"/>
      <line num="17" type="stmt" count="1"/>
      <line num="18" type="stmt" count="1"/>
      <line num="20" type="stmt" count="2"/>
      <line num="21" type="stmt" count="1"/>
      <line num="24" type="stmt" count="2"/>
      <line num="25" type="stmt" count="2"/>
      <line num="26" type="stmt" count="2"/>
      <line num="27" type="stmt" count="2"/>
      <line num="28" type="stmt" count="2"/>
      <line num="29" type="stmt" count="2"/>
      <line num="30" type="stmt" count="2"/>
      <metrics loc="33" ncloc="33" classes="1" methods="1" coveredmethods="1" conditionals="0" coveredconditionals="0" statements="14" coveredstatements="14" elements="15" coveredelements="15"/>
    </file>
    <file name="/home/runner/work/flatpack/flatpack/src/Http/Controllers/HomeController.php">
      <class name="Flatpack\Http\Controllers\HomeController" namespace="global">
        <metrics complexity="1" methods="1" coveredmethods="1" conditionals="0" coveredconditionals="0" statements="1" coveredstatements="1" elements="2" coveredelements="2"/>
      </class>
      <line num="9" type="method" name="index" visibility="public" complexity="1" crap="1" count="1"/>
      <line num="12" type="stmt" count="1"/>
      <metrics loc="15" ncloc="14" classes="1" methods="1" coveredmethods="1" conditionals="0" coveredconditionals="0" statements="1" coveredstatements="1" elements="2" coveredelements="2"/>
    </file>
    <file name="/home/runner/work/flatpack/flatpack/src/Http/Controllers/ListController.php">
      <class name="Flatpack\Http\Controllers\ListController" namespace="global">
        <metrics complexity="1" methods="1" coveredmethods="1" conditionals="0" coveredconditionals="0" statements="7" coveredstatements="7" elements="8" coveredelements="8"/>
      </class>
      <line num="10" type="method" name="index" visibility="public" complexity="1" crap="1" count="1"/>
      <line num="12" type="stmt" count="1"/>
      <line num="14" type="stmt" count="1"/>
      <line num="16" type="stmt" count="1"/>
      <line num="17" type="stmt" count="1"/>
      <line num="18" type="stmt" count="1"/>
      <line num="19" type="stmt" count="1"/>
      <line num="20" type="stmt" count="1"/>
      <metrics loc="23" ncloc="23" classes="1" methods="1" coveredmethods="1" conditionals="0" coveredconditionals="0" statements="7" coveredstatements="7" elements="8" coveredelements="8"/>
    </file>
    <file name="/home/runner/work/flatpack/flatpack/src/Http/Controllers/UploadController.php">
      <class name="Flatpack\Http\Controllers\UploadController" namespace="global">
        <metrics complexity="4" methods="2" coveredmethods="2" conditionals="0" coveredconditionals="0" statements="21" coveredstatements="21" elements="23" coveredelements="23"/>
      </class>
      <line num="12" type="method" name="store" visibility="public" complexity="3" crap="3" count="2"/>
      <line num="14" type="stmt" count="2"/>
      <line num="16" type="stmt" count="2"/>
      <line num="18" type="stmt" count="2"/>
      <line num="20" type="stmt" count="2"/>
      <line num="21" type="stmt" count="1"/>
      <line num="22" type="stmt" count="1"/>
      <line num="23" type="stmt" count="1"/>
      <line num="24" type="stmt" count="1"/>
      <line num="25" type="stmt" count="1"/>
      <line num="28" type="stmt" count="2"/>
      <line num="29" type="stmt" count="1"/>
      <line num="30" type="stmt" count="1"/>
      <line num="31" type="stmt" count="1"/>
      <line num="34" type="stmt" count="1"/>
      <line num="35" type="stmt" count="1"/>
      <line num="36" type="stmt" count="1"/>
      <line num="37" type="stmt" count="1"/>
      <line num="39" type="stmt" count="1"/>
      <line num="40" type="stmt" count="1"/>
      <line num="41" type="stmt" count="1"/>
      <line num="44" type="method" name="jsonResponse" visibility="private" complexity="1" crap="1" count="2"/>
      <line num="46" type="stmt" count="2"/>
      <metrics loc="49" ncloc="49" classes="1" methods="2" coveredmethods="2" conditionals="0" coveredconditionals="0" statements="21" coveredstatements="21" elements="23" coveredelements="23"/>
    </file>
    <file name="/home/runner/work/flatpack/flatpack/src/Http/Livewire/BlockEditor.php">
      <class name="Flatpack\Http\Livewire\BlockEditor" namespace="global">
        <metrics complexity="7" methods="5" coveredmethods="1" conditionals="0" coveredconditionals="0" statements="31" coveredstatements="12" elements="36" coveredelements="13"/>
      </class>
      <line num="38" type="method" name="mount" visibility="public" complexity="3" crap="3.01" count="3"/>
      <line num="48" type="stmt" count="3"/>
      <line num="49" type="stmt" count="0"/>
      <line num="52" type="stmt" count="3"/>
      <line num="53" type="stmt" count="3"/>
      <line num="54" type="stmt" count="3"/>
      <line num="55" type="stmt" count="3"/>
      <line num="56" type="stmt" count="3"/>
      <line num="57" type="stmt" count="3"/>
      <line num="58" type="stmt" count="3"/>
      <line num="59" type="stmt" count="3"/>
      <line num="60" type="stmt" count="3"/>
      <line num="61" type="stmt" count="3"/>
      <line num="64" type="method" name="completedImageUpload" visibility="public" complexity="1" crap="2" count="0"/>
      <line num="67" type="stmt" count="0"/>
      <line num="68" type="stmt" count="0"/>
      <line num="69" type="stmt" count="0"/>
      <line num="70" type="stmt" count="0"/>
      <line num="71" type="stmt" count="0"/>
      <line num="74" type="stmt" count="0"/>
      <line num="75" type="stmt" count="0"/>
      <line num="76" type="stmt" count="0"/>
      <line num="77" type="stmt" count="0"/>
      <line num="78" type="stmt" count="0"/>
      <line num="80" type="stmt" count="0"/>
      <line num="81" type="stmt" count="0"/>
      <line num="82" type="stmt" count="0"/>
      <line num="85" type="method" name="loadImageFromUrl" visibility="public" complexity="1" crap="2" count="0"/>
      <line num="87" type="stmt" count="0"/>
      <line num="88" type="stmt" count="0"/>
      <line num="90" type="stmt" count="0"/>
      <line num="92" type="stmt" count="0"/>
      <line num="95" type="method" name="save" visibility="public" complexity="1" crap="2" count="0"/>
      <line num="97" type="stmt" count="0"/>
      <line num="100" type="method" name="render" visibility="public" complexity="1" crap="1" count="3"/>
      <line num="102" type="stmt" count="3"/>
      <metrics loc="105" ncloc="103" classes="1" methods="5" coveredmethods="1" conditionals="0" coveredconditionals="0" statements="31" coveredstatements="12" elements="36" coveredelements="13"/>
    </file>
    <file name="/home/runner/work/flatpack/flatpack/src/Http/Livewire/Columns/BooleanColumn.php">
      <class name="Flatpack\Http\Livewire\Columns\BooleanColumn" namespace="global">
        <metrics complexity="0" methods="0" coveredmethods="0" conditionals="0" coveredconditionals="0" statements="0" coveredstatements="0" elements="0" coveredelements="0"/>
      </class>
      <metrics loc="11" ncloc="11" classes="0" methods="0" coveredmethods="0" conditionals="0" coveredconditionals="0" statements="0" coveredstatements="0" elements="0" coveredelements="0"/>
    </file>
    <file name="/home/runner/work/flatpack/flatpack/src/Http/Livewire/Columns/Column.php">
      <class name="Flatpack\Http\Livewire\Columns\Column" namespace="global">
        <metrics complexity="0" methods="0" coveredmethods="0" conditionals="0" coveredconditionals="0" statements="0" coveredstatements="0" elements="0" coveredelements="0"/>
      </class>
      <metrics loc="11" ncloc="10" classes="0" methods="0" coveredmethods="0" conditionals="0" coveredconditionals="0" statements="0" coveredstatements="0" elements="0" coveredelements="0"/>
    </file>
    <file name="/home/runner/work/flatpack/flatpack/src/Http/Livewire/Columns/ImageColumn.php">
      <class name="Flatpack\Http\Livewire\Columns\ImageColumn" namespace="global">
        <metrics complexity="0" methods="0" coveredmethods="0" conditionals="0" coveredconditionals="0" statements="0" coveredstatements="0" elements="0" coveredelements="0"/>
      </class>
      <metrics loc="11" ncloc="11" classes="0" methods="0" coveredmethods="0" conditionals="0" coveredconditionals="0" statements="0" coveredstatements="0" elements="0" coveredelements="0"/>
    </file>
    <file name="/home/runner/work/flatpack/flatpack/src/Http/Livewire/CreateRelation.php">
      <class name="Flatpack\Http\Livewire\CreateRelation" namespace="global">
        <metrics complexity="9" methods="7" coveredmethods="2" conditionals="0" coveredconditionals="0" statements="23" coveredstatements="7" elements="30" coveredelements="9"/>
      </class>
      <line num="51" type="method" name="mount" visibility="public" complexity="2" crap="2" count="2"/>
      <line num="53" type="stmt" count="2"/>
      <line num="55" type="stmt" count="2"/>
      <line num="57" type="stmt" count="2"/>
      <line num="58" type="stmt" count="2"/>
      <line num="62" type="method" name="render" visibility="public" complexity="1" crap="1" count="2"/>
      <line num="64" type="stmt" count="2"/>
      <line num="65" type="stmt" count="2"/>
      <line num="66" type="stmt" count="2"/>
      <line num="72" type="method" name="submit" visibility="public" complexity="1" crap="2" count="0"/>
      <line num="74" type="stmt" count="0"/>
      <line num="76" type="stmt" count="0"/>
      <line num="78" type="stmt" count="0"/>
      <line num="80" type="stmt" count="0"/>
      <line num="82" type="stmt" count="0"/>
      <line num="84" type="stmt" count="0"/>
      <line num="90" type="method" name="cancel" visibility="public" complexity="1" crap="2" count="0"/>
      <line num="92" type="stmt" count="0"/>
      <line num="94" type="stmt" count="0"/>
      <line num="96" type="stmt" count="0"/>
      <line num="104" type="method" name="save" visibility="private" complexity="2" crap="6" count="0"/>
      <line num="106" type="stmt" count="0"/>
      <line num="108" type="stmt" count="0"/>
      <line num="110" type="stmt" count="0"/>
      <line num="111" type="stmt" count="0"/>
      <line num="114" type="stmt" count="0"/>
      <line num="117" type="method" name="clearErrors" visibility="private" complexity="1" crap="2" count="0"/>
      <line num="119" type="stmt" count="0"/>
      <line num="122" type="method" name="clearForm" visibility="private" complexity="1" crap="2" count="0"/>
      <line num="124" type="stmt" count="0"/>
      <metrics loc="127" ncloc="91" classes="1" methods="7" coveredmethods="2" conditionals="0" coveredconditionals="0" statements="23" coveredstatements="7" elements="30" coveredelements="9"/>
    </file>
    <file name="/home/runner/work/flatpack/flatpack/src/Http/Livewire/Filters/DateFilter.php">
      <class name="Flatpack\Http\Livewire\Filters\DateFilter" namespace="global">
        <metrics complexity="1" methods="1" coveredmethods="1" conditionals="0" coveredconditionals="0" statements="4" coveredstatements="4" elements="5" coveredelements="5"/>
      </class>
      <line num="10" type="method" name="render" visibility="public" complexity="1" crap="1" count="1"/>
      <line num="12" type="stmt" count="1"/>
      <line num="13" type="stmt" count="1"/>
      <line num="14" type="stmt" count="1"/>
      <line num="15" type="stmt" count="1"/>
      <metrics loc="18" ncloc="18" classes="1" methods="1" coveredmethods="1" conditionals="0" coveredconditionals="0" statements="4" coveredstatements="4" elements="5" coveredelements="5"/>
    </file>
    <file name="/home/runner/work/flatpack/flatpack/src/Http/Livewire/Filters/MultiSelectFilter.php">
      <class name="Flatpack\Http\Livewire\Filters\MultiSelectFilter" namespace="global">
        <metrics complexity="1" methods="1" coveredmethods="1" conditionals="0" coveredconditionals="0" statements="4" coveredstatements="4" elements="5" coveredelements="5"/>
      </class>
      <line num="10" type="method" name="render" visibility="public" complexity="1" crap="1" count="2"/>
      <line num="12" type="stmt" count="2"/>
      <line num="13" type="stmt" count="2"/>
      <line num="14" type="stmt" count="2"/>
      <line num="15" type="stmt" count="2"/>
      <metrics loc="18" ncloc="18" classes="1" methods="1" coveredmethods="1" conditionals="0" coveredconditionals="0" statements="4" coveredstatements="4" elements="5" coveredelements="5"/>
    </file>
    <file name="/home/runner/work/flatpack/flatpack/src/Http/Livewire/Filters/NumberFilter.php">
      <class name="Flatpack\Http\Livewire\Filters\NumberFilter" namespace="global">
        <metrics complexity="1" methods="1" coveredmethods="1" conditionals="0" coveredconditionals="0" statements="4" coveredstatements="4" elements="5" coveredelements="5"/>
      </class>
      <line num="10" type="method" name="render" visibility="public" complexity="1" crap="1" count="1"/>
      <line num="12" type="stmt" count="1"/>
      <line num="13" type="stmt" count="1"/>
      <line num="14" type="stmt" count="1"/>
      <line num="15" type="stmt" count="1"/>
      <metrics loc="18" ncloc="18" classes="1" methods="1" coveredmethods="1" conditionals="0" coveredconditionals="0" statements="4" coveredstatements="4" elements="5" coveredelements="5"/>
    </file>
    <file name="/home/runner/work/flatpack/flatpack/src/Http/Livewire/Filters/SelectFilter.php">
      <class name="Flatpack\Http\Livewire\Filters\SelectFilter" namespace="global">
        <metrics complexity="1" methods="1" coveredmethods="1" conditionals="0" coveredconditionals="0" statements="4" coveredstatements="4" elements="5" coveredelements="5"/>
      </class>
      <line num="10" type="method" name="render" visibility="public" complexity="1" crap="1" count="1"/>
      <line num="12" type="stmt" count="1"/>
      <line num="13" type="stmt" count="1"/>
      <line num="14" type="stmt" count="1"/>
      <line num="15" type="stmt" count="1"/>
      <metrics loc="18" ncloc="18" classes="1" methods="1" coveredmethods="1" conditionals="0" coveredconditionals="0" statements="4" coveredstatements="4" elements="5" coveredelements="5"/>
    </file>
    <file name="/home/runner/work/flatpack/flatpack/src/Http/Livewire/Filters/TextFilter.php">
      <class name="Flatpack\Http\Livewire\Filters\TextFilter" namespace="global">
        <metrics complexity="1" methods="1" coveredmethods="1" conditionals="0" coveredconditionals="0" statements="4" coveredstatements="4" elements="5" coveredelements="5"/>
      </class>
      <line num="10" type="method" name="render" visibility="public" complexity="1" crap="1" count="1"/>
      <line num="12" type="stmt" count="1"/>
      <line num="13" type="stmt" count="1"/>
      <line num="14" type="stmt" count="1"/>
      <line num="15" type="stmt" count="1"/>
      <metrics loc="18" ncloc="18" classes="1" methods="1" coveredmethods="1" conditionals="0" coveredconditionals="0" statements="4" coveredstatements="4" elements="5" coveredelements="5"/>
    </file>
    <file name="/home/runner/work/flatpack/flatpack/src/Http/Livewire/Form.php">
      <class name="Flatpack\Http\Livewire\Form" namespace="global">
        <metrics complexity="28" methods="20" coveredmethods="20" conditionals="0" coveredconditionals="0" statements="82" coveredstatements="82" elements="102" coveredelements="102"/>
      </class>
      <line num="82" type="method" name="mount" visibility="public" complexity="1" crap="1" count="10"/>
      <line num="84" type="stmt" count="10"/>
      <line num="86" type="stmt" count="10"/>
      <line num="89" type="method" name="render" visibility="public" complexity="1" crap="1" count="10"/>
      <line num="91" type="stmt" count="10"/>
      <line num="92" type="stmt" count="10"/>
      <line num="93" type="stmt" count="10"/>
      <line num="94" type="stmt" count="10"/>
      <line num="95" type="stmt" count="10"/>
      <line num="96" type="stmt" count="10"/>
      <line num="99" type="method" name="updated" visibility="public" complexity="1" crap="1" count="3"/>
      <line num="101" type="stmt" count="3"/>
      <line num="103" type="stmt" count="3"/>
      <line num="112" type="method" name="saveImageUploaderState" visibility="public" complexity="1" crap="1" count="1"/>
      <line num="114" type="stmt" count="1"/>
      <line num="116" type="stmt" count="1"/>
      <line num="118" type="stmt" count="1"/>
      <line num="128" type="method" name="showImageUploaderError" visibility="public" complexity="1" crap="1" count="1"/>
      <line num="130" type="stmt" count="1"/>
      <line num="140" type="method" name="saveEditorState" visibility="public" complexity="1" crap="1" count="1"/>
      <line num="142" type="stmt" count="1"/>
      <line num="144" type="stmt" count="1"/>
      <line num="146" type="stmt" count="1"/>
      <line num="156" type="method" name="saveTagInputState" visibility="public" complexity="1" crap="1" count="1"/>
      <line num="158" type="stmt" count="1"/>
      <line num="160" type="stmt" count="1"/>
      <line num="162" type="stmt" count="1"/>
      <line num="164" type="stmt" count="1"/>
      <line num="172" type="method" name="createRelatedEntity" visibility="public" complexity="2" crap="2" count="2"/>
      <line num="175" type="stmt" count="2"/>
      <line num="177" type="stmt" count="2"/>
      <line num="178" type="stmt" count="2"/>
      <line num="179" type="stmt" count="2"/>
      <line num="180" type="stmt" count="2"/>
      <line num="181" type="stmt" count="2"/>
      <line num="183" type="stmt" count="1"/>
      <line num="184" type="stmt" count="1"/>
      <line num="185" type="stmt" count="1"/>
      <line num="196" type="method" name="action" visibility="public" complexity="6" crap="6" count="6"/>
      <line num="198" type="stmt" count="6"/>
      <line num="199" type="stmt" count="1"/>
      <line num="200" type="stmt" count="1"/>
      <line num="201" type="stmt" count="1"/>
      <line num="204" type="stmt" count="5"/>
      <line num="206" type="stmt" count="5"/>
      <line num="210" type="stmt" count="4"/>
      <line num="211" type="stmt" count="4"/>
      <line num="212" type="stmt" count="4"/>
      <line num="213" type="stmt" count="4"/>
      <line num="216" type="stmt" count="3"/>
      <line num="218" type="stmt" count="3"/>
      <line num="221" type="stmt" count="3"/>
      <line num="222" type="stmt" count="3"/>
      <line num="225" type="stmt" count="3"/>
      <line num="226" type="stmt" count="3"/>
      <line num="228" type="stmt" count="1"/>
      <line num="229" type="stmt" count="1"/>
      <line num="239" type="method" name="beforeAction" visibility="private" complexity="2" crap="2" count="5"/>
      <line num="241" type="stmt" count="5"/>
      <line num="243" type="stmt" count="5"/>
      <line num="244" type="stmt" count="4"/>
      <line num="254" type="method" name="afterAction" visibility="private" complexity="2" crap="2" count="3"/>
      <line num="256" type="stmt" count="3"/>
      <line num="258" type="stmt" count="3"/>
      <line num="259" type="stmt" count="3"/>
      <line num="261" type="stmt" count="3"/>
      <line num="263" type="stmt" count="3"/>
      <line num="264" type="stmt" count="3"/>
      <line num="265" type="stmt" count="3"/>
      <line num="266" type="stmt" count="3"/>
      <line num="268" type="stmt" count="3"/>
      <line num="271" type="stmt" count="3"/>
      <line num="280" type="method" name="clearFieldError" visibility="protected" complexity="1" crap="1" count="3"/>
      <line num="282" type="stmt" count="3"/>
      <line num="284" type="stmt" count="3"/>
      <line num="292" type="method" name="clearFormErrors" visibility="protected" complexity="1" crap="1" count="5"/>
      <line num="294" type="stmt" count="5"/>
      <line num="304" type="method" name="setHasChanges" visibility="private" complexity="1" crap="1" count="4"/>
      <line num="306" type="stmt" count="4"/>
      <line num="308" type="stmt" count="4"/>
      <line num="310" type="stmt" count="4"/>
      <line num="321" type="method" name="compareValues" visibility="private" complexity="1" crap="1" count="4"/>
      <line num="323" type="stmt" count="4"/>
      <line num="332" type="method" name="fieldKeyName" visibility="protected" complexity="1" crap="1" count="4"/>
      <line num="334" type="stmt" count="4"/>
      <line num="342" type="method" name="goBack" visibility="private" complexity="1" crap="1" count="1"/>
      <line num="344" type="stmt" count="1"/>
      <line num="345" type="stmt" count="1"/>
      <line num="346" type="stmt" count="1"/>
      <line num="355" type="method" name="notifySuccess" visibility="private" complexity="1" crap="1" count="3"/>
      <line num="357" type="stmt" count="3"/>
      <line num="358" type="stmt" count="3"/>
      <line num="359" type="stmt" count="3"/>
      <line num="360" type="stmt" count="3"/>
      <line num="370" type="method" name="notifyError" visibility="private" complexity="1" crap="1" count="2"/>
      <line num="372" type="stmt" count="2"/>
      <line num="373" type="stmt" count="2"/>
      <line num="374" type="stmt" count="2"/>
      <line num="375" type="stmt" count="2"/>
      <line num="376" type="stmt" count="2"/>
      <line num="385" type="method" name="redirectTo" visibility="private" complexity="1" crap="1" count="1"/>
      <line num="387" type="stmt" count="1"/>
      <metrics loc="390" ncloc="242" classes="1" methods="20" coveredmethods="20" conditionals="0" coveredconditionals="0" statements="82" coveredstatements="82" elements="102" coveredelements="102"/>
    </file>
    <file name="/home/runner/work/flatpack/flatpack/src/Http/Livewire/ImageUploader.php">
      <class name="Flatpack\Http\Livewire\ImageUploader" namespace="global">
        <metrics complexity="20" methods="12" coveredmethods="12" conditionals="0" coveredconditionals="0" statements="54" coveredstatements="54" elements="66" coveredelements="66"/>
      </class>
      <line num="112" type="method" name="mount" visibility="public" complexity="2" crap="2" count="5"/>
      <line num="119" type="stmt" count="5"/>
      <line num="120" type="stmt" count="5"/>
      <line num="121" type="stmt" count="5"/>
      <line num="122" type="stmt" count="5"/>
      <line num="123" type="stmt" count="5"/>
      <line num="124" type="stmt" count="5"/>
      <line num="126" type="stmt" count="5"/>
      <line num="128" type="stmt" count="5"/>
      <line num="129" type="stmt" count="1"/>
      <line num="132" type="stmt" count="5"/>
      <line num="133" type="stmt" count="5"/>
      <line num="134" type="stmt" count="5"/>
      <line num="137" type="method" name="updatingRawImages" visibility="public" complexity="2" crap="2" count="4"/>
      <line num="139" type="stmt" count="4"/>
      <line num="141" type="stmt" count="4"/>
      <line num="142" type="stmt" count="1"/>
      <line num="146" type="method" name="updatedRawImages" visibility="public" complexity="1" crap="1" count="4"/>
      <line num="148" type="stmt" count="4"/>
      <line num="149" type="stmt" count="4"/>
      <line num="150" type="stmt" count="4"/>
      <line num="152" type="stmt" count="3"/>
      <line num="160" type="method" name="prepareImages" visibility="public" complexity="2" crap="2" count="3"/>
      <line num="162" type="stmt" count="3"/>
      <line num="163" type="stmt" count="3"/>
      <line num="166" type="stmt" count="3"/>
      <line num="168" type="stmt" count="3"/>
      <line num="179" type="method" name="handleUpload" visibility="public" complexity="1" crap="1" count="4"/>
      <line num="181" type="stmt" count="4"/>
      <line num="183" type="stmt" count="4"/>
      <line num="185" type="stmt" count="4"/>
      <line num="187" type="stmt" count="4"/>
      <line num="189" type="stmt" count="4"/>
      <line num="191" type="stmt" count="4"/>
      <line num="199" type="method" name="uploadFiles" visibility="public" complexity="2" crap="2" count="4"/>
      <line num="201" type="stmt" count="4"/>
      <line num="202" type="stmt" count="3"/>
      <line num="203" type="stmt" count="3"/>
      <line num="204" type="stmt" count="3"/>
      <line num="205" type="stmt" count="3"/>
      <line num="207" type="stmt" count="3"/>
      <line num="210" type="stmt" count="4"/>
      <line num="219" type="method" name="handleRemoveImage" visibility="public" complexity="2" crap="2" count="1"/>
      <line num="221" type="stmt" count="1"/>
      <line num="222" type="stmt" count="1"/>
      <line num="224" type="stmt" count="1"/>
      <line num="227" type="stmt" count="1"/>
      <line num="229" type="stmt" count="1"/>
      <line num="237" type="method" name="getCurrentValue" visibility="public" complexity="2" crap="2" count="4"/>
      <line num="239" type="stmt" count="4"/>
      <line num="241" type="stmt" count="4"/>
      <line num="242" type="stmt" count="3"/>
      <line num="245" type="stmt" count="1"/>
      <line num="253" type="method" name="stateUpdated" visibility="public" complexity="1" crap="1" count="4"/>
      <line num="255" type="stmt" count="4"/>
      <line num="258" type="method" name="render" visibility="public" complexity="1" crap="1" count="5"/>
      <line num="260" type="stmt" count="5"/>
      <line num="262" type="stmt" count="5"/>
      <line num="270" type="method" name="cleanUp" visibility="private" complexity="2" crap="2" count="5"/>
      <line num="272" type="stmt" count="5"/>
      <line num="273" type="stmt" count="1"/>
      <line num="276" type="stmt" count="5"/>
      <line num="284" type="method" name="deleteOldFiles" visibility="private" complexity="2" crap="2" count="5"/>
      <line num="286" type="stmt" count="5"/>
      <line num="287" type="stmt" count="1"/>
      <line num="290" type="stmt" count="5"/>
      <metrics loc="293" ncloc="186" classes="1" methods="12" coveredmethods="12" conditionals="0" coveredconditionals="0" statements="54" coveredstatements="54" elements="66" coveredelements="66"/>
    </file>
    <file name="/home/runner/work/flatpack/flatpack/src/Http/Livewire/Table.php">
      <class name="Flatpack\Http\Livewire\Table" namespace="global">
        <metrics complexity="9" methods="7" coveredmethods="7" conditionals="0" coveredconditionals="0" statements="39" coveredstatements="39" elements="46" coveredelements="46"/>
      </class>
      <line num="48" type="method" name="mount" visibility="public" complexity="1" crap="1" count="3"/>
      <line num="50" type="stmt" count="3"/>
      <line num="51" type="stmt" count="3"/>
      <line num="52" type="stmt" count="3"/>
      <line num="54" type="stmt" count="3"/>
      <line num="55" type="stmt" count="3"/>
      <line num="63" type="method" name="configure" visibility="public" complexity="1" crap="1" count="3"/>
      <line num="65" type="stmt" count="3"/>
      <line num="67" type="stmt" count="3"/>
      <line num="68" type="stmt" count="3"/>
      <line num="69" type="stmt" count="3"/>
      <line num="70" type="stmt" count="3"/>
      <line num="71" type="stmt" count="3"/>
      <line num="72" type="stmt" count="3"/>
      <line num="73" type="stmt" count="3"/>
      <line num="75" type="stmt" count="3"/>
      <line num="83" type="method" name="builder" visibility="public" complexity="1" crap="1" count="3"/>
      <line num="85" type="stmt" count="3"/>
      <line num="93" type="method" name="baseQuery" visibility="protected" complexity="1" crap="1" count="3"/>
      <line num="95" type="stmt" count="3"/>
      <line num="96" type="stmt" count="3"/>
      <line num="97" type="stmt" count="3"/>
      <line num="99" type="stmt" count="3"/>
      <line num="108" type="method" name="bulkAction" visibility="public" complexity="1" crap="1" count="1"/>
      <line num="110" type="stmt" count="1"/>
      <line num="111" type="stmt" count="1"/>
      <line num="113" type="stmt" count="1"/>
      <line num="115" type="stmt" count="1"/>
      <line num="123" type="method" name="setupComponents" visibility="private" complexity="3" crap="3" count="3"/>
      <line num="125" type="stmt" count="3"/>
      <line num="126" type="stmt" count="2"/>
      <line num="127" type="stmt" count="2"/>
      <line num="131" type="stmt" count="3"/>
      <line num="137" type="method" name="render" visibility="public" complexity="1" crap="1" count="3"/>
      <line num="139" type="stmt" count="3"/>
      <line num="140" type="stmt" count="3"/>
      <line num="141" type="stmt" count="3"/>
      <line num="142" type="stmt" count="3"/>
      <line num="143" type="stmt" count="3"/>
      <line num="145" type="stmt" count="3"/>
      <line num="146" type="stmt" count="3"/>
      <line num="147" type="stmt" count="3"/>
      <line num="148" type="stmt" count="3"/>
      <line num="149" type="stmt" count="3"/>
      <line num="150" type="stmt" count="3"/>
      <line num="151" type="stmt" count="3"/>
      <metrics loc="154" ncloc="102" classes="1" methods="7" coveredmethods="7" conditionals="0" coveredconditionals="0" statements="39" coveredstatements="39" elements="46" coveredelements="46"/>
    </file>
    <file name="/home/runner/work/flatpack/flatpack/src/Http/Middleware/Authenticate.php">
      <class name="Flatpack\Http\Middleware\Authenticate" namespace="global">
        <metrics complexity="1" methods="1" coveredmethods="1" conditionals="0" coveredconditionals="0" statements="1" coveredstatements="1" elements="2" coveredelements="2"/>
      </class>
      <line num="15" type="method" name="redirectTo" visibility="protected" complexity="1" crap="1" count="3"/>
      <line num="17" type="stmt" count="3"/>
      <metrics loc="20" ncloc="14" classes="1" methods="1" coveredmethods="1" conditionals="0" coveredconditionals="0" statements="1" coveredstatements="1" elements="2" coveredelements="2"/>
    </file>
    <file name="/home/runner/work/flatpack/flatpack/src/Http/Middleware/FlatpackMiddleware.php">
      <class name="Flatpack\Http\Middleware\FlatpackMiddleware" namespace="global">
        <metrics complexity="8" methods="3" coveredmethods="3" conditionals="0" coveredconditionals="0" statements="26" coveredstatements="26" elements="29" coveredelements="29"/>
      </class>
      <line num="34" type="method" name="handle" visibility="public" complexity="1" crap="1" count="8"/>
      <line num="36" type="stmt" count="8"/>
      <line num="39" type="stmt" count="8"/>
      <line num="42" type="stmt" count="8"/>
      <line num="45" type="stmt" count="7"/>
      <line num="46" type="stmt" count="7"/>
      <line num="47" type="stmt" count="7"/>
      <line num="48" type="stmt" count="7"/>
      <line num="49" type="stmt" count="7"/>
      <line num="51" type="stmt" count="7"/>
      <line num="60" type="method" name="authorize" visibility="protected" complexity="2" crap="2" count="8"/>
      <line num="62" type="stmt" count="8"/>
      <line num="71" type="method" name="validate" visibility="private" complexity="5" crap="5" count="8"/>
      <line num="73" type="stmt" count="8"/>
      <line num="75" type="stmt" count="8"/>
      <line num="76" type="stmt" count="1"/>
      <line num="79" type="stmt" count="7"/>
      <line num="80" type="stmt" count="7"/>
      <line num="81" type="stmt" count="7"/>
      <line num="82" type="stmt" count="7"/>
      <line num="83" type="stmt" count="7"/>
      <line num="85" type="stmt" count="7"/>
      <line num="87" type="stmt" count="7"/>
      <line num="89" type="stmt" count="7"/>
      <line num="91" type="stmt" count="7"/>
      <line num="92" type="stmt" count="1"/>
      <line num="95" type="stmt" count="7"/>
      <line num="96" type="stmt" count="1"/>
      <line num="99" type="stmt" count="6"/>
      <metrics loc="102" ncloc="71" classes="1" methods="3" coveredmethods="3" conditionals="0" coveredconditionals="0" statements="26" coveredstatements="26" elements="29" coveredelements="29"/>
    </file>
    <file name="/home/runner/work/flatpack/flatpack/src/Http/Requests/Auth/LoginRequest.php">
      <class name="Flatpack\Http\Requests\Auth\LoginRequest" namespace="global">
        <metrics complexity="7" methods="5" coveredmethods="5" conditionals="0" coveredconditionals="0" statements="20" coveredstatements="20" elements="25" coveredelements="25"/>
      </class>
      <line num="19" type="method" name="authorize" visibility="public" complexity="1" crap="1" count="3"/>
      <line num="21" type="stmt" count="3"/>
      <line num="29" type="method" name="rules" visibility="public" complexity="1" crap="1" count="3"/>
      <line num="31" type="stmt" count="3"/>
      <line num="32" type="stmt" count="3"/>
      <line num="33" type="stmt" count="3"/>
      <line num="34" type="stmt" count="3"/>
      <line num="44" type="method" name="authenticate" visibility="public" complexity="2" crap="2" count="3"/>
      <line num="46" type="stmt" count="3"/>
      <line num="48" type="stmt" count="3"/>
      <line num="49" type="stmt" count="2"/>
      <line num="51" type="stmt" count="2"/>
      <line num="52" type="stmt" count="2"/>
      <line num="53" type="stmt" count="2"/>
      <line num="56" type="stmt" count="1"/>
      <line num="66" type="method" name="ensureIsNotRateLimited" visibility="public" complexity="2" crap="2" count="3"/>
      <line num="68" type="stmt" count="3"/>
      <line num="69" type="stmt" count="3"/>
      <line num="72" type="stmt" count="1"/>
      <line num="74" type="stmt" count="1"/>
      <line num="76" type="stmt" count="1"/>
      <line num="77" type="stmt" count="1"/>
      <line num="78" type="stmt" count="1"/>
      <line num="86" type="method" name="throttleKey" visibility="public" complexity="1" crap="1" count="3"/>
      <line num="88" type="stmt" count="3"/>
      <metrics loc="91" ncloc="62" classes="1" methods="5" coveredmethods="5" conditionals="0" coveredconditionals="0" statements="20" coveredstatements="20" elements="25" coveredelements="25"/>
    </file>
    <file name="/home/runner/work/flatpack/flatpack/src/Traits/WithActions.php">
      <class name="Flatpack\Traits\WithActions" namespace="global">
        <metrics complexity="5" methods="1" coveredmethods="1" conditionals="0" coveredconditionals="0" statements="15" coveredstatements="15" elements="16" coveredelements="16"/>
      </class>
      <line num="31" type="method" name="getAction" visibility="protected" complexity="5" crap="5" count="24"/>
      <line num="33" type="stmt" count="24"/>
      <line num="35" type="stmt" count="24"/>
      <line num="36" type="stmt" count="5"/>
      <line num="39" type="stmt" count="20"/>
      <line num="40" type="stmt" count="1"/>
      <line num="44" type="stmt" count="19"/>
      <line num="46" type="stmt" count="19"/>
      <line num="47" type="stmt" count="1"/>
      <line num="48" type="stmt" count="1"/>
      <line num="49" type="stmt" count="1"/>
      <line num="52" type="stmt" count="18"/>
      <line num="53" type="stmt" count="1"/>
      <line num="54" type="stmt" count="1"/>
      <line num="55" type="stmt" count="1"/>
      <line num="58" type="stmt" count="17"/>
      <metrics loc="61" ncloc="42" classes="1" methods="1" coveredmethods="1" conditionals="0" coveredconditionals="0" statements="15" coveredstatements="15" elements="16" coveredelements="16"/>
    </file>
    <file name="/home/runner/work/flatpack/flatpack/src/Traits/WithColumns.php">
      <class name="Flatpack\Traits\WithColumns" namespace="global">
        <metrics complexity="11" methods="2" coveredmethods="2" conditionals="0" coveredconditionals="0" statements="35" coveredstatements="35" elements="37" coveredelements="37"/>
      </class>
      <line num="17" type="method" name="columns" visibility="public" complexity="2" crap="2" count="3"/>
      <line num="19" type="stmt" count="3"/>
      <line num="21" type="stmt" count="3"/>
      <line num="22" type="stmt" count="3"/>
      <line num="25" type="stmt" count="3"/>
      <line num="35" type="method" name="createColumn" visibility="private" complexity="9" crap="9" count="3"/>
      <line num="37" type="stmt" count="3"/>
      <line num="38" type="stmt" count="3"/>
      <line num="39" type="stmt" count="3"/>
      <line num="40" type="stmt" count="3"/>
      <line num="41" type="stmt" count="3"/>
      <line num="42" type="stmt" count="3"/>
      <line num="44" type="stmt" count="3"/>
      <line num="45" type="stmt" count="3"/>
      <line num="46" type="stmt" count="3"/>
      <line num="47" type="stmt" count="3"/>
      <line num="48" type="stmt" count="3"/>
      <line num="49" type="stmt" count="2"/>
      <line num="50" type="stmt" count="2"/>
      <line num="51" type="stmt" count="3"/>
      <line num="52" type="stmt" count="3"/>
      <line num="53" type="stmt" count="3"/>
      <line num="54" type="stmt" count="3"/>
      <line num="56" type="stmt" count="3"/>
      <line num="58" type="stmt" count="3"/>
      <line num="59" type="stmt" count="3"/>
      <line num="62" type="stmt" count="3"/>
      <line num="63" type="stmt" count="3"/>
      <line num="66" type="stmt" count="3"/>
      <line num="67" type="stmt" count="1"/>
      <line num="70" type="stmt" count="3"/>
      <line num="71" type="stmt" count="2"/>
      <line num="72" type="stmt" count="2"/>
      <line num="73" type="stmt" count="1"/>
      <line num="74" type="stmt" count="1"/>
      <line num="75" type="stmt" count="2"/>
      <line num="78" type="stmt" count="3"/>
      <metrics loc="81" ncloc="69" classes="1" methods="2" coveredmethods="2" conditionals="0" coveredconditionals="0" statements="35" coveredstatements="35" elements="37" coveredelements="37"/>
    </file>
    <file name="/home/runner/work/flatpack/flatpack/src/Traits/WithComposition.php">
      <class name="Flatpack\Traits\WithComposition" namespace="global">
        <metrics complexity="8" methods="4" coveredmethods="4" conditionals="0" coveredconditionals="0" statements="32" coveredstatements="32" elements="36" coveredelements="36"/>
      </class>
      <line num="29" type="method" name="getComposition" visibility="protected" complexity="1" crap="1" count="17"/>
      <line num="31" type="stmt" count="17"/>
      <line num="33" type="stmt" count="17"/>
      <line num="34" type="stmt" count="13"/>
      <line num="35" type="stmt" count="13"/>
      <line num="36" type="stmt" count="13"/>
      <line num="37" type="stmt" count="13"/>
      <line num="38" type="stmt" count="13"/>
      <line num="39" type="stmt" count="13"/>
      <line num="40" type="stmt" count="13"/>
      <line num="41" type="stmt" count="13"/>
      <line num="42" type="stmt" count="13"/>
      <line num="43" type="stmt" count="17"/>
      <line num="51" type="method" name="getMainComposition" visibility="protected" complexity="2" crap="2" count="13"/>
      <line num="53" type="stmt" count="13"/>
      <line num="55" type="stmt" count="13"/>
      <line num="56" type="stmt" count="5"/>
      <line num="59" type="stmt" count="13"/>
      <line num="68" type="method" name="getCompositionFields" visibility="protected" complexity="4" crap="4" count="11"/>
      <line num="70" type="stmt" count="11"/>
      <line num="72" type="stmt" count="11"/>
      <line num="73" type="stmt" count="9"/>
      <line num="74" type="stmt" count="3"/>
      <line num="75" type="stmt" count="3"/>
      <line num="76" type="stmt" count="3"/>
      <line num="77" type="stmt" count="3"/>
      <line num="78" type="stmt" count="3"/>
      <line num="79" type="stmt" count="3"/>
      <line num="82" type="stmt" count="9"/>
      <line num="86" type="stmt" count="11"/>
      <line num="94" type="method" name="getAllCompositionFields" visibility="protected" complexity="1" crap="1" count="11"/>
      <line num="96" type="stmt" count="11"/>
      <line num="97" type="stmt" count="11"/>
      <line num="98" type="stmt" count="11"/>
      <line num="99" type="stmt" count="11"/>
      <line num="100" type="stmt" count="11"/>
      <metrics loc="103" ncloc="71" classes="1" methods="4" coveredmethods="4" conditionals="0" coveredconditionals="0" statements="32" coveredstatements="32" elements="36" coveredelements="36"/>
    </file>
    <file name="/home/runner/work/flatpack/flatpack/src/Traits/WithFilters.php">
      <class name="Flatpack\Traits\WithFilters" namespace="global">
        <metrics complexity="6" methods="3" coveredmethods="3" conditionals="0" coveredconditionals="0" statements="56" coveredstatements="56" elements="59" coveredelements="59"/>
      </class>
      <line num="19" type="method" name="filters" visibility="public" complexity="2" crap="2" count="3"/>
      <line num="21" type="stmt" count="3"/>
      <line num="23" type="stmt" count="3"/>
      <line num="24" type="stmt" count="2"/>
      <line num="27" type="stmt" count="3"/>
      <line num="35" type="method" name="setFilterOptions" visibility="public" complexity="3" crap="3" count="3"/>
      <line num="37" type="stmt" count="3"/>
      <line num="38" type="stmt" count="2"/>
      <line num="40" type="stmt" count="2"/>
      <line num="41" type="stmt" count="1"/>
      <line num="42" type="stmt" count="1"/>
      <line num="43" type="stmt" count="1"/>
      <line num="44" type="stmt" count="1"/>
      <line num="46" type="stmt" count="1"/>
      <line num="47" type="stmt" count="1"/>
      <line num="48" type="stmt" count="1"/>
      <line num="49" type="stmt" count="1"/>
      <line num="50" type="stmt" count="1"/>
      <line num="51" type="stmt" count="1"/>
      <line num="56" type="method" name="createFilter" visibility="private" complexity="1" crap="1" count="2"/>
      <line num="58" type="stmt" count="2"/>
      <line num="59" type="stmt" count="2"/>
      <line num="60" type="stmt" count="2"/>
      <line num="62" type="stmt" count="2"/>
      <line num="63" type="stmt" count="2"/>
      <line num="64" type="stmt" count="2"/>
      <line num="65" type="stmt" count="2"/>
      <line num="66" type="stmt" count="1"/>
      <line num="67" type="stmt" count="2"/>
      <line num="68" type="stmt" count="2"/>
      <line num="69" type="stmt" count="2"/>
      <line num="70" type="stmt" count="2"/>
      <line num="71" type="stmt" count="2"/>
      <line num="72" type="stmt" count="1"/>
      <line num="73" type="stmt" count="2"/>
      <line num="74" type="stmt" count="2"/>
      <line num="75" type="stmt" count="2"/>
[...]
      </class>
      <line num="38" type="method" name="combinePath" visibility="protected" complexity="1" crap="1" count="7"/>
      <line num="40" type="stmt" count="7"/>
      <line num="48" type="method" name="getStorageDisk" visibility="protected" complexity="1" crap="1" count="6"/>
      <line num="50" type="stmt" count="6"/>
      <line num="58" type="method" name="getStoragePath" visibility="protected" complexity="1" crap="1" count="6"/>
      <line num="60" type="stmt" count="6"/>
      <line num="61" type="stmt" count="6"/>
      <line num="62" type="stmt" count="6"/>
      <line num="63" type="stmt" count="6"/>
      <line num="72" type="method" name="getFileName" visibility="protected" complexity="1" crap="1" count="2"/>
      <line num="74" type="stmt" count="2"/>
      <line num="83" type="method" name="removeFile" visibility="protected" complexity="2" crap="2" count="1"/>
      <line num="85" type="stmt" count="1"/>
      <line num="87" type="stmt" count="1"/>
      <line num="89" type="stmt" count="1"/>
      <line num="91" type="stmt" count="1"/>
      <line num="92" type="stmt" count="1"/>
      <line num="101" type="method" name="cleanUp" visibility="protected" complexity="1" crap="1" count="1"/>
      <line num="103" type="stmt" count="1"/>
      <line num="104" type="stmt" count="1"/>
      <line num="106" type="stmt" count="1"/>
      <line num="114" type="method" name="getEntityPath" visibility="private" complexity="1" crap="1" count="6"/>
      <line num="116" type="stmt" count="6"/>
      <line num="125" type="method" name="onlyFilesToUpload" visibility="protected" complexity="1" crap="1" count="7"/>
      <line num="127" type="stmt" count="7"/>
      <line num="136" type="method" name="onlyFilesAlreadyUploaded" visibility="protected" complexity="1" crap="1" count="7"/>
      <line num="138" type="stmt" count="7"/>
      <line num="147" type="method" name="isFileToUpload" visibility="private" complexity="2" crap="2" count="6"/>
      <line num="149" type="stmt" count="6"/>
      <line num="157" type="method" name="uploadFiles" visibility="protected" complexity="2" crap="2" count="6"/>
      <line num="159" type="stmt" count="6"/>
      <line num="161" type="stmt" count="6"/>
      <line num="163" type="stmt" count="6"/>
      <line num="164" type="stmt" count="4"/>
      <line num="167" type="stmt" count="6"/>
      <line num="176" type="method" name="uploadFile" visibility="protected" complexity="1" crap="1" count="4"/>
      <line num="178" type="stmt" count="4"/>
      <line num="180" type="stmt" count="4"/>
      <line num="181" type="stmt" count="4"/>
      <line num="182" type="stmt" count="4"/>
      <line num="183" type="stmt" count="4"/>
      <line num="185" type="stmt" count="4"/>
      <metrics loc="188" ncloc="105" classes="1" methods="12" coveredmethods="12" conditionals="0" coveredconditionals="0" statements="30" coveredstatements="30" elements="42" coveredelements="42"/>
    </file>
    <file name="/home/runner/work/flatpack/flatpack/src/View/Components/ActionButton.php">
      <class name="Flatpack\View\Components\ActionButton" namespace="global">
        <metrics complexity="15" methods="6" coveredmethods="6" conditionals="0" coveredconditionals="0" statements="48" coveredstatements="48" elements="54" coveredelements="54"/>
      </class>
      <line num="121" type="method" name="__construct" visibility="public" complexity="1" crap="1" count="14"/>
      <line num="128" type="stmt" count="14"/>
      <line num="129" type="stmt" count="14"/>
      <line num="130" type="stmt" count="14"/>
      <line num="131" type="stmt" count="14"/>
      <line num="132" type="stmt" count="14"/>
      <line num="134" type="stmt" count="14"/>
      <line num="142" type="method" name="render" visibility="public" complexity="2" crap="2" count="11"/>
      <line num="144" type="stmt" count="11"/>
      <line num="145" type="stmt" count="2"/>
      <line num="148" type="stmt" count="10"/>
      <line num="156" type="method" name="initProps" visibility="private" complexity="1" crap="1" count="14"/>
      <line num="158" type="stmt" count="14"/>
      <line num="159" type="stmt" count="14"/>
      <line num="160" type="stmt" count="14"/>
      <line num="161" type="stmt" count="14"/>
      <line num="162" type="stmt" count="14"/>
      <line num="163" type="stmt" count="14"/>
      <line num="164" type="stmt" count="14"/>
      <line num="165" type="stmt" count="14"/>
      <line num="166" type="stmt" count="14"/>
      <line num="167" type="stmt" count="14"/>
      <line num="168" type="stmt" count="14"/>
      <line num="169" type="stmt" count="14"/>
      <line num="170" type="stmt" count="14"/>
      <line num="171" type="stmt" count="14"/>
      <line num="172" type="stmt" count="14"/>
      <line num="174" type="stmt" count="14"/>
      <line num="182" type="method" name="formatLink" visibility="private" complexity="4" crap="4" count="14"/>
      <line num="184" type="stmt" count="14"/>
      <line num="185" type="stmt" count="14"/>
      <line num="186" type="stmt" count="14"/>
      <line num="187" type="stmt" count="14"/>
      <line num="188" type="stmt" count="14"/>
      <line num="199" type="method" name="getOption" visibility="private" complexity="3" crap="3" count="14"/>
      <line num="201" type="stmt" count="14"/>
      <line num="203" type="stmt" count="14"/>
      <line num="204" type="stmt" count="14"/>
      <line num="205" type="stmt" count="14"/>
      <line num="206" type="stmt" count="14"/>
      <line num="207" type="stmt" count="14"/>
      <line num="210" type="stmt" count="14"/>
      <line num="218" type="method" name="setConfirmationMessage" visibility="private" complexity="4" crap="4" count="14"/>
      <line num="220" type="stmt" count="14"/>
      <line num="221" type="stmt" count="14"/>
      <line num="222" type="stmt" count="14"/>
      <line num="223" type="stmt" count="14"/>
      <line num="226" type="stmt" count="14"/>
      <line num="228" type="stmt" count="12"/>
      <line num="229" type="stmt" count="2"/>
      <line num="232" type="stmt" count="12"/>
      <line num="233" type="stmt" count="12"/>
      <line num="235" type="stmt" count="3"/>
      <line num="239" type="stmt" count="14"/>
      <metrics loc="242" ncloc="133" classes="1" methods="6" coveredmethods="6" conditionals="0" coveredconditionals="0" statements="48" coveredstatements="48" elements="54" coveredelements="54"/>
    </file>
    <file name="/home/runner/work/flatpack/flatpack/src/View/Components/FormField.php">
      <class name="Flatpack\View\Components\FormField" namespace="global">
        <metrics complexity="7" methods="6" coveredmethods="6" conditionals="0" coveredconditionals="0" statements="25" coveredstatements="25" elements="31" coveredelements="31"/>
      </class>
      <line num="142" type="method" name="__construct" visibility="public" complexity="1" crap="1" count="18"/>
      <line num="151" type="stmt" count="18"/>
      <line num="152" type="stmt" count="18"/>
      <line num="153" type="stmt" count="18"/>
      <line num="154" type="stmt" count="18"/>
      <line num="155" type="stmt" count="18"/>
      <line num="156" type="stmt" count="18"/>
      <line num="157" type="stmt" count="18"/>
      <line num="159" type="stmt" count="18"/>
      <line num="167" type="method" name="render" visibility="public" complexity="1" crap="1" count="9"/>
      <line num="169" type="stmt" count="9"/>
      <line num="175" type="method" name="initFormFieldProps" visibility="protected" complexity="2" crap="2" count="18"/>
      <line num="177" type="stmt" count="18"/>
      <line num="178" type="stmt" count="18"/>
      <line num="179" type="stmt" count="18"/>
      <line num="180" type="stmt" count="18"/>
      <line num="181" type="stmt" count="18"/>
      <line num="182" type="stmt" count="18"/>
      <line num="183" type="stmt" count="18"/>
      <line num="184" type="stmt" count="18"/>
      <line num="185" type="stmt" count="18"/>
      <line num="186" type="stmt" count="18"/>
      <line num="188" type="stmt" count="18"/>
      <line num="189" type="stmt" count="9"/>
      <line num="200" type="method" name="getFieldOption" visibility="public" complexity="1" crap="1" count="18"/>
      <line num="202" type="stmt" count="18"/>
      <line num="210" type="method" name="getOptions" visibility="public" complexity="1" crap="1" count="18"/>
      <line num="212" type="stmt" count="18"/>
      <line num="221" type="method" name="getErrorMessages" visibility="public" complexity="1" crap="1" count="9"/>
      <line num="223" type="stmt" count="9"/>
      <line num="225" type="stmt" count="9"/>
      <metrics loc="228" ncloc="105" classes="1" methods="6" coveredmethods="6" conditionals="0" coveredconditionals="0" statements="25" coveredstatements="25" elements="31" coveredelements="31"/>
    </file>
    <file name="/home/runner/work/flatpack/flatpack/src/View/Components/GuestLayout.php">
      <class name="Flatpack\View\Components\GuestLayout" namespace="global">
        <metrics complexity="1" methods="1" coveredmethods="1" conditionals="0" coveredconditionals="0" statements="1" coveredstatements="1" elements="2" coveredelements="2"/>
      </class>
      <line num="14" type="method" name="render" visibility="public" complexity="1" crap="1" count="2"/>
      <line num="16" type="stmt" count="2"/>
      <metrics loc="19" ncloc="14" classes="1" methods="1" coveredmethods="1" conditionals="0" coveredconditionals="0" statements="1" coveredstatements="1" elements="2" coveredelements="2"/>
    </file>
    <file name="/home/runner/work/flatpack/flatpack/src/View/Components/Layout.php">
      <class name="Flatpack\View\Components\Layout" namespace="global">
        <metrics complexity="9" methods="6" coveredmethods="6" conditionals="0" coveredconditionals="0" statements="27" coveredstatements="27" elements="33" coveredelements="33"/>
      </class>
      <line num="22" type="method" name="__construct" visibility="public" complexity="1" crap="1" count="5"/>
      <line num="24" type="stmt" count="5"/>
      <line num="25" type="stmt" count="5"/>
      <line num="33" type="method" name="render" visibility="public" complexity="2" crap="2" count="5"/>
      <line num="35" type="stmt" count="5"/>
      <line num="37" type="stmt" count="5"/>
      <line num="38" type="stmt" count="5"/>
      <line num="39" type="stmt" count="5"/>
      <line num="40" type="stmt" count="5"/>
      <line num="41" type="stmt" count="5"/>
      <line num="49" type="method" name="setTemplateComposition" visibility="private" complexity="2" crap="2" count="5"/>
      <line num="51" type="stmt" count="5"/>
      <line num="53" type="stmt" count="5"/>
      <line num="54" type="stmt" count="5"/>
      <line num="57" type="stmt" count="5"/>
      <line num="65" type="method" name="setNavigation" visibility="private" complexity="1" crap="1" count="5"/>
      <line num="67" type="stmt" count="5"/>
      <line num="75" type="method" name="customLayout" visibility="private" complexity="2" crap="2" count="5"/>
      <line num="78" type="stmt" count="5"/>
      <line num="79" type="stmt" count="5"/>
      <line num="80" type="stmt" count="5"/>
      <line num="83" type="stmt" count="5"/>
      <line num="91" type="method" name="defaultLayout" visibility="private" complexity="1" crap="1" count="5"/>
      <line num="93" type="stmt" count="5"/>
      <line num="94" type="stmt" count="5"/>
      <line num="95" type="stmt" count="5"/>
      <line num="96" type="stmt" count="5"/>
      <line num="97" type="stmt" count="5"/>
      <line num="98" type="stmt" count="5"/>
      <line num="99" type="stmt" count="5"/>
      <line num="100" type="stmt" count="5"/>
      <line num="101" type="stmt" count="5"/>
      <line num="102" type="stmt" count="5"/>
      <metrics loc="105" ncloc="75" classes="1" methods="6" coveredmethods="6" conditionals="0" coveredconditionals="0" statements="27" coveredstatements="27" elements="33" coveredelements="33"/>
    </file>
    <file name="/home/runner/work/flatpack/flatpack/src/View/Components/Modal.php">
      <class name="Flatpack\View\Components\Modal" namespace="global">
        <metrics complexity="2" methods="2" coveredmethods="2" conditionals="0" coveredconditionals="0" statements="2" coveredstatements="2" elements="4" coveredelements="4"/>
      </class>
      <line num="16" type="method" name="__construct" visibility="public" complexity="1" crap="1" count="3"/>
      <line num="18" type="stmt" count="3"/>
      <line num="26" type="method" name="render" visibility="public" complexity="1" crap="1" count="3"/>
      <line num="28" type="stmt" count="3"/>
      <metrics loc="31" ncloc="21" classes="1" methods="2" coveredmethods="2" conditionals="0" coveredconditionals="0" statements="2" coveredstatements="2" elements="4" coveredelements="4"/>
    </file>
    <file name="/home/runner/work/flatpack/flatpack/src/View/Components/RelationField.php">
      <class name="Flatpack\View\Components\RelationField" namespace="global">
        <metrics complexity="22" methods="12" coveredmethods="12" conditionals="0" coveredconditionals="0" statements="65" coveredstatements="65" elements="77" coveredelements="77"/>
      </class>
      <line num="82" type="method" name="__construct" visibility="public" complexity="1" crap="1" count="10"/>
      <line num="90" type="stmt" count="10"/>
      <line num="92" type="stmt" count="10"/>
      <line num="100" type="method" name="initRelationFieldProps" visibility="protected" complexity="2" crap="2" count="10"/>
      <line num="102" type="stmt" count="10"/>
      <line num="104" type="stmt" count="10"/>
      <line num="106" type="stmt" count="10"/>
      <line num="108" type="stmt" count="10"/>
      <line num="110" type="stmt" count="10"/>
      <line num="112" type="stmt" count="10"/>
      <line num="114" type="stmt" count="10"/>
      <line num="115" type="stmt" count="4"/>
      <line num="124" type="method" name="render" visibility="public" complexity="1" crap="1" count="5"/>
      <line num="126" type="stmt" count="5"/>
      <line num="134" type="method" name="getRelationshipModel" visibility="protected" complexity="2" crap="2" count="10"/>
      <line num="136" type="stmt" count="10"/>
      <line num="137" type="stmt" count="2"/>
      <line num="140" type="stmt" count="8"/>
      <line num="148" type="method" name="getRelationshipItems" visibility="protected" complexity="4" crap="4" count="10"/>
      <line num="150" type="stmt" count="10"/>
      <line num="152" type="stmt" count="10"/>
      <line num="154" type="stmt" count="10"/>
      <line num="156" type="stmt" count="10"/>
      <line num="157" type="stmt" count="2"/>
      <line num="160" type="stmt" count="8"/>
      <line num="161" type="stmt" count="8"/>
      <line num="162" type="stmt" count="8"/>
      <line num="163" type="stmt" count="8"/>
      <line num="165" type="stmt" count="8"/>
      <line num="166" type="stmt" count="8"/>
      <line num="167" type="stmt" count="8"/>
      <line num="171" type="stmt" count="8"/>
      <line num="179" type="method" name="getRelationId" visibility="protected" complexity="1" crap="1" count="10"/>
      <line num="181" type="stmt" count="10"/>
      <line num="189" type="method" name="getRelationDisplay" visibility="protected" complexity="1" crap="1" count="10"/>
      <line num="191" type="stmt" count="10"/>
      <line num="199" type="method" name="getRelationKeyName" visibility="protected" complexity="4" crap="4" count="10"/>
      <line num="201" type="stmt" count="10"/>
      <line num="202" type="stmt" count="6"/>
      <line num="203" type="stmt" count="4"/>
      <line num="204" type="stmt" count="1"/>
      <line num="205" type="stmt" count="3"/>
      <line num="206" type="stmt" count="1"/>
      <line num="209" type="stmt" count="2"/>
      <line num="217" type="method" name="getRelationSelect" visibility="protected" complexity="1" crap="1" count="10"/>
      <line num="219" type="stmt" count="10"/>
      <line num="220" type="stmt" count="10"/>
      <line num="221" type="stmt" count="10"/>
      <line num="222" type="stmt" count="10"/>
      <line num="230" type="method" name="getRelationOrderBy" visibility="protected" complexity="1" crap="1" count="8"/>
      <line num="232" type="stmt" count="8"/>
      <line num="234" type="stmt" count="8"/>
      <line num="236" type="stmt" count="8"/>
      <line num="237" type="stmt" count="8"/>
      <line num="238" type="stmt" count="8"/>
      <line num="240" type="stmt" count="8"/>
      <line num="241" type="stmt" count="8"/>
      <line num="242" type="stmt" count="8"/>
      <line num="243" type="stmt" count="8"/>
      <line num="244" type="stmt" count="8"/>
      <line num="252" type="method" name="setupFormFields" visibility="protected" complexity="2" crap="2" count="4"/>
      <line num="254" type="stmt" count="4"/>
      <line num="256" type="stmt" count="4"/>
      <line num="257" type="stmt" count="3"/>
      <line num="266" type="method" name="getRelationshipType" visibility="protected" complexity="2" crap="2" count="10"/>
      <line num="268" type="stmt" count="10"/>
      <line num="270" type="stmt" count="10"/>
      <line num="271" type="stmt" count="10"/>
      <line num="272" type="stmt" count="10"/>
      <line num="273" type="stmt" count="10"/>
      <line num="274" type="stmt" count="10"/>
      <line num="275" type="stmt" count="10"/>
      <line num="276" type="stmt" count="10"/>
      <line num="277" type="stmt" count="10"/>
      <line num="278" type="stmt" count="10"/>
      <line num="279" type="stmt" count="10"/>
      <line num="281" type="stmt" count="10"/>
      <metrics loc="284" ncloc="179" classes="1" methods="12" coveredmethods="12" conditionals="0" coveredconditionals="0" statements="65" coveredstatements="65" elements="77" coveredelements="77"/>
    </file>
    <file name="/home/runner/work/flatpack/flatpack/src/View/Components/TagInput.php">
      <class name="Flatpack\View\Components\TagInput" namespace="global">
        <metrics complexity="1" methods="1" coveredmethods="1" conditionals="0" coveredconditionals="0" statements="1" coveredstatements="1" elements="2" coveredelements="2"/>
      </class>
      <line num="26" type="method" name="render" visibility="public" complexity="1" crap="1" count="3"/>
      <line num="28" type="stmt" count="3"/>
      <metrics loc="31" ncloc="16" classes="1" methods="1" coveredmethods="1" conditionals="0" coveredconditionals="0" statements="1" coveredstatements="1" elements="2" coveredelements="2"/>
    </file>
    <file name="/home/runner/work/flatpack/flatpack/src/helpers.php">
      <line num="13" type="stmt" count="8"/>
      <line num="24" type="stmt" count="1"/>
      <line num="36" type="stmt" count="9"/>
      <line num="49" type="stmt" count="12"/>
      <line num="50" type="stmt" count="12"/>
      <line num="51" type="stmt" count="12"/>
      <line num="53" type="stmt" count="12"/>
      <line num="54" type="stmt" count="10"/>
      <line num="55" type="stmt" count="10"/>
      <line num="56" type="stmt" count="10"/>
      <line num="58" type="stmt" count="7"/>
      <line num="61" type="stmt" count="10"/>
      <line num="62" type="stmt" count="10"/>
      <line num="65" type="stmt" count="12"/>
      <metrics loc="67" ncloc="41" classes="0" methods="0" coveredmethods="0" conditionals="0" coveredconditionals="0" statements="14" coveredstatements="14" elements="14" coveredelements="14"/>
    </file>
    <metrics files="59" loc="4983" ncloc="3334" classes="50" methods="228" coveredmethods="211" conditionals="0" coveredconditionals="0" statements="1066" coveredstatements="1022" elements="1294" coveredelements="1233"/>
  </project>
</coverage>
